Release 14.7 - ngc2edif P.20131013 (nt64)
Copyright (c) 1995-2013 Xilinx, Inc.  All rights reserved.
Reading design test_dac_hardware.ngc ...
WARNING:NetListWriters:298 - No output is written to test_dac_hardware.xncf,
   ignored.
Processing design ...
   Preping design's networks ...
   Preping design's macros ...
  finished :Prep
Writing EDIF netlist file test_dac_hardware.edif ...
ngc2edif: Total memory usage is 79904 kilobytes

Release 14.7 - ngc2edif P.20131013 (nt64)
Copyright (c) 1995-2013 Xilinx, Inc.  All rights reserved.
Reading design test_dac_hardware.ngc ...
WARNING:NetListWriters:298 - No output is written to test_dac_hardware.xncf,
   ignored.
Processing design ...
   Preping design's networks ...
   Preping design's macros ...
  finished :Prep
Writing EDIF netlist file test_dac_hardware.edif ...
ngc2edif: Total memory usage is 79840 kilobytes

Release 14.7 - ngc2edif P.20131013 (nt64)
Copyright (c) 1995-2013 Xilinx, Inc.  All rights reserved.
Reading design test_adc_hardware.ngc ...
WARNING:NetListWriters:298 - No output is written to test_adc_hardware.xncf,
   ignored.
Processing design ...
   Preping design's networks ...
   Preping design's macros ...
  finished :Prep
Writing EDIF netlist file test_adc_hardware.edif ...
ngc2edif: Total memory usage is 83932 kilobytes

