Release 14.7 Map P.20131013 (nt)
Xilinx Mapping Report File for Design 'system_wiring'

Design Information
------------------
Command Line   : map -intstyle ise -p xc3s1200e-fg320-4 -cm area -ir off -pr off
-c 100 -o system_wiring_map.ncd system_wiring.ngd system_wiring.pcf 
Target Device  : xc3s1200e
Target Package : fg320
Target Speed   : -4
Mapper Version : spartan3e -- $Revision: 1.55 $
Mapped Date    : Wed Mar 16 19:27:58 2016

Design Summary
--------------
Number of errors:      0
Number of warnings:    0
Logic Utilization:
  Number of Slice Flip Flops:         3,403 out of  17,344   19%
  Number of 4 input LUTs:             6,678 out of  17,344   38%
Logic Distribution:
  Number of occupied Slices:          3,638 out of   8,672   41%
    Number of Slices containing only related logic:   3,638 out of   3,638 100%
    Number of Slices containing unrelated logic:          0 out of   3,638   0%
      *See NOTES below for an explanation of the effects of unrelated logic.
  Total Number of 4 input LUTs:       6,741 out of  17,344   38%
    Number used as logic:             6,675
    Number used as a route-thru:         63
    Number used as Shift registers:       3

  The Slice Logic Distribution report is not meaningful if the design is
  over-mapped for a non-slice resource or if Placement fails.

  Number of bonded IOBs:                 19 out of     250    7%
  Number of BUFGMUXs:                     2 out of      24    8%
  Number of DCMs:                         1 out of       8   12%

Average Fanout of Non-Clock Nets:                3.89

Peak Memory Usage:  239 MB
Total REAL time to MAP completion:  4 secs 
Total CPU time to MAP completion:   4 secs 

NOTES:

   Related logic is defined as being logic that shares connectivity - e.g. two
   LUTs are "related" if they share common inputs.  When assembling slices,
   Map gives priority to combine logic that is related.  Doing so results in
   the best timing performance.

   Unrelated logic shares no connectivity.  Map will only begin packing
   unrelated logic into a slice once 99% of the slices are occupied through
   related logic packing.

   Note that once logic distribution reaches the 99% level through related
   logic packing, this does not mean the device is completely utilized.
   Unrelated logic packing will then begin, continuing until all usable LUTs
   and FFs are occupied.  Depending on your timing budget, increased levels of
   unrelated logic packing may adversely affect the overall timing performance
   of your design.

Table of Contents
-----------------
Section 1 - Errors
Section 2 - Warnings
Section 3 - Informational
Section 4 - Removed Logic Summary
Section 5 - Removed Logic
Section 6 - IOB Properties
Section 7 - RPMs
Section 8 - Guide Report
Section 9 - Area Group and Partition Summary
Section 10 - Timing Report
Section 11 - Configuration String Information
Section 12 - Control Set Information
Section 13 - Utilization by Hierarchy

Section 1 - Errors
------------------

Section 2 - Warnings
--------------------

Section 3 - Informational
-------------------------
INFO:MapLib:562 - No environment variables are currently set.
INFO:PhysDesignRules:772 - To achieve optimal frequency synthesis performance
   with the CLKFX and CLKFX180 outputs of the DCM comp ClockManager/DCM_SP_INST,
   consult the device Interactive Data Sheet.

Section 4 - Removed Logic Summary
---------------------------------
   5 block(s) optimized away

Section 5 - Removed Logic
-------------------------

Optimized Block(s):
TYPE 		BLOCK
GND 		XST_GND
VCC 		XST_VCC

To enable printing of redundant blocks removed and signals merged, set the
detailed map report option and rerun map.

Section 6 - IOB Properties
--------------------------

+---------------------------------------------------------------------------------------------------------------------------------------------------------+
| IOB Name                           | Type             | Direction | IO Standard          | Diff  | Drive    | Slew | Reg (s)      | Resistor | IOB      |
|                                    |                  |           |                      | Term  | Strength | Rate |              |          | Delay    |
+---------------------------------------------------------------------------------------------------------------------------------------------------------+
| async_ae                           | IBUF             | INPUT     | LVCMOS25             |       |          |      |              |          | 0 / 0    |
| async_oe                           | IBUF             | INPUT     | LVCMOS25             |       |          |      |              |          | 0 / 0    |
| databus<0>                         | IBUF             | INPUT     | LVCMOS33             |       |          |      |              |          | 0 / 0    |
| databus<1>                         | IBUF             | INPUT     | LVCMOS33             |       |          |      |              |          | 0 / 0    |
| databus<2>                         | IBUF             | INPUT     | LVCMOS33             |       |          |      |              |          | 0 / 0    |
| databus<3>                         | IBUF             | INPUT     | LVCMOS33             |       |          |      |              |          | 0 / 0    |
| databus<4>                         | IBUF             | INPUT     | LVCMOS33             |       |          |      |              |          | 0 / 0    |
| databus<5>                         | IBUF             | INPUT     | LVCMOS33             |       |          |      |              |          | 0 / 0    |
| databus<6>                         | IBUF             | INPUT     | LVCMOS33             |       |          |      |              |          | 0 / 0    |
| databus<7>                         | IBUF             | INPUT     | LVCMOS33             |       |          |      |              |          | 0 / 0    |
| nInt                               | IBUF             | INPUT     | LVCMOS33             |       |          |      |              |          | 0 / 0    |
| nRD                                | IOB              | OUTPUT    | LVCMOS33             |       | 12       | FAST |              |          | 0 / 0    |
| nSH                                | IOB              | OUTPUT    | LVCMOS33             |       | 12       | FAST |              |          | 0 / 0    |
| out_dac_l                          | IOB              | OUTPUT    | LVCMOS33             |       | 12       | FAST |              |          | 0 / 0    |
| out_dac_r                          | IOB              | OUTPUT    | LVCMOS33             |       | 12       | FAST |              |          | 0 / 0    |
| reset                              | IBUF             | INPUT     | LVCMOS25             |       |          |      |              |          | 0 / 0    |
| s0                                 | IOB              | OUTPUT    | LVCMOS33             |       | 12       | FAST |              |          | 0 / 0    |
| s1                                 | IOB              | OUTPUT    | LVCMOS33             |       | 12       | FAST |              |          | 0 / 0    |
| sys_clk_50                         | IBUF             | INPUT     | LVCMOS25             |       |          |      |              |          | 0 / 0    |
+---------------------------------------------------------------------------------------------------------------------------------------------------------+

Section 7 - RPMs
----------------

Section 8 - Guide Report
------------------------
Guide not run on this design.

Section 9 - Area Group and Partition Summary
--------------------------------------------

Partition Implementation Status
-------------------------------

  No Partitions were found in this design.

-------------------------------

Area Group Information
----------------------

  No area groups were found in this design.

----------------------

Section 10 - Timing Report
--------------------------
This design was not run using timing mode.

Section 11 - Configuration String Details
-----------------------------------------
Use the "-detail" map option to print out Configuration Strings

Section 12 - Control Set Information
------------------------------------
No control set information for this architecture.

Section 13 - Utilization by Hierarchy
-------------------------------------
Use the "-detail" map option to print out the Utilization by Hierarchy section.
